<?xml version="1.0" encoding="UTF-8"?>
<!-- Generated by org.testng.reporters.JUnitReportReporter -->
<testsuite skipped="0" hostname="LAPTOP-QIK84FHM" name="org.example.JavaScriptAlertsTest" tests="3" failures="0" timestamp="2023-03-10T17:26:24 EST" time="15.337" errors="0">
  <testcase name="jsConfirmTest" time="5.501" classname="org.example.JavaScriptAlertsTest"/>
  <system-out/>
  <testcase name="jsAlertTest" time="5.179" classname="org.example.JavaScriptAlertsTest"/>
  <system-out/>
  <testcase name="jsPromptTest" time="4.657" classname="org.example.JavaScriptAlertsTest"/>
  <system-out/>
</testsuite> <!-- org.example.JavaScriptAlertsTest -->
