<?xml version="1.0" encoding="UTF-8"?>
<!-- Generated by org.testng.reporters.JUnitReportReporter -->
<testsuite skipped="0" hostname="LAPTOP-QIK84FHM" name="org.example.IFrameTest" tests="1" failures="0" timestamp="2023-03-10T17:26:24 EST" time="1.940" errors="0">
  <testcase name="iFrameTest" time="1.940" classname="org.example.IFrameTest"/>
  <system-out/>
</testsuite> <!-- org.example.IFrameTest -->
