<?xml version="1.0" encoding="UTF-8"?>
<!-- Generated by org.testng.reporters.JUnitReportReporter -->
<testsuite skipped="0" hostname="LAPTOP-QIK84FHM" name="org.example.DropDownTest" tests="2" failures="0" timestamp="2023-03-10T17:08:43 EST" time="10.806" errors="0">
  <testcase name="option2Test" time="5.621" classname="org.example.DropDownTest"/>
  <system-out/>
  <testcase name="option1Test" time="5.185" classname="org.example.DropDownTest"/>
  <system-out/>
</testsuite> <!-- org.example.DropDownTest -->
