<?xml version="1.0" encoding="UTF-8"?>
<!-- Generated by org.testng.reporters.JUnitReportReporter -->
<testsuite skipped="0" hostname="LAPTOP-QIK84FHM" name="org.example.CheckBoxTest" tests="2" failures="0" timestamp="2023-03-10T17:26:24 EST" time="16.201" errors="0">
  <testcase name="check_and_Uncheck_CheckBox1" time="6.268" classname="org.example.CheckBoxTest"/>
  <system-out/>
  <testcase name="check_and_Uncheck_CheckBox2" time="9.933" classname="org.example.CheckBoxTest"/>
  <system-out/>
</testsuite> <!-- org.example.CheckBoxTest -->
