<?xml version="1.0" encoding="UTF-8"?>
<!-- Generated by org.testng.reporters.JUnitReportReporter -->
<testsuite skipped="0" hostname="LAPTOP-QIK84FHM" name="org.example.DropDownTest" tests="2" failures="0" timestamp="2023-03-10T17:26:24 EST" time="7.953" errors="0">
  <testcase name="option2Test" time="3.881" classname="org.example.DropDownTest"/>
  <system-out/>
  <testcase name="option1Test" time="4.072" classname="org.example.DropDownTest"/>
  <system-out/>
</testsuite> <!-- org.example.DropDownTest -->
