<?xml version="1.0" encoding="UTF-8"?>
<!-- Generated by org.testng.reporters.JUnitReportReporter -->
<testsuite skipped="0" hostname="LAPTOP-QIK84FHM" name="org.example.ContextMenuTest" tests="1" failures="0" timestamp="2023-03-10T17:08:43 EST" time="0.403" errors="0">
  <testcase name="testRightClick" time="0.403" classname="org.example.ContextMenuTest"/>
  <system-out/>
</testsuite> <!-- org.example.ContextMenuTest -->
