<?xml version="1.0" encoding="UTF-8"?>
<!-- Generated by org.testng.reporters.JUnitReportReporter -->
<testsuite skipped="0" hostname="LAPTOP-QIK84FHM" name="org.example.LoginPageTest" tests="3" failures="0" timestamp="2023-03-10T17:26:24 EST" time="17.191" errors="0">
  <testcase name="validCredslogintest" time="5.496" classname="org.example.LoginPageTest"/>
  <system-out/>
  <testcase name="invalidUsernamelogintest" time="5.378" classname="org.example.LoginPageTest"/>
  <system-out/>
  <testcase name="invalidPasswordlogintest" time="6.317" classname="org.example.LoginPageTest"/>
  <system-out/>
</testsuite> <!-- org.example.LoginPageTest -->
