<?xml version="1.0" encoding="UTF-8"?>
<!-- Generated by org.testng.reporters.JUnitReportReporter -->
<testsuite skipped="0" hostname="LAPTOP-QIK84FHM" name="org.example.DynamicControlsTest" tests="2" failures="0" timestamp="2023-03-10T17:26:24 EST" time="23.711" errors="0">
  <testcase name="testToAddOrRemoveButton" time="12.161" classname="org.example.DynamicControlsTest"/>
  <system-out/>
  <testcase name="testToEnableOrDisableButton" time="11.550" classname="org.example.DynamicControlsTest"/>
  <system-out/>
</testsuite> <!-- org.example.DynamicControlsTest -->
