<?xml version="1.0" encoding="UTF-8"?>
<!-- Generated by org.testng.reporters.JUnitReportReporter -->
<testsuite skipped="0" hostname="LAPTOP-QIK84FHM" name="org.example.JavaScriptErrorTest" tests="1" failures="0" timestamp="2023-03-10T17:26:24 EST" time="0.249" errors="0">
  <testcase name="jsErrorTest" time="0.249" classname="org.example.JavaScriptErrorTest"/>
  <system-out/>
</testsuite> <!-- org.example.JavaScriptErrorTest -->
