<?xml version="1.0" encoding="UTF-8"?>
<!-- Generated by org.testng.reporters.JUnitReportReporter -->
<testsuite skipped="0" hostname="LAPTOP-QIK84FHM" name="org.example.DynamicLoadingTest" tests="1" failures="0" timestamp="2023-03-10T17:26:24 EST" time="11.413" errors="0">
  <testcase name="DynamicLoadingTest" time="11.413" classname="org.example.DynamicLoadingTest"/>
  <system-out/>
</testsuite> <!-- org.example.DynamicLoadingTest -->
