<?xml version="1.0" encoding="UTF-8"?>
<!-- Generated by org.testng.reporters.JUnitReportReporter -->
<testsuite skipped="0" hostname="LAPTOP-QIK84FHM" name="org.example.LoginPageTest" tests="3" failures="0" timestamp="2023-03-10T17:08:43 EST" time="16.182" errors="0">
  <testcase name="validCredslogintest" time="5.631" classname="org.example.LoginPageTest"/>
  <system-out/>
  <testcase name="invalidUsernamelogintest" time="5.276" classname="org.example.LoginPageTest"/>
  <system-out/>
  <testcase name="invalidPasswordlogintest" time="5.275" classname="org.example.LoginPageTest"/>
  <system-out/>
</testsuite> <!-- org.example.LoginPageTest -->
