<?xml version="1.0" encoding="UTF-8"?>
<!-- Generated by org.testng.reporters.JUnitReportReporter -->
<testsuite skipped="0" hostname="LAPTOP-QIK84FHM" name="org.example.NotificationMessageTest" tests="1" failures="0" timestamp="2023-03-10T17:08:43 EST" time="2.304" errors="0">
  <testcase name="notificationTest" time="2.304" classname="org.example.NotificationMessageTest"/>
  <system-out/>
</testsuite> <!-- org.example.NotificationMessageTest -->
