<?xml version="1.0" encoding="UTF-8"?>
<!-- Generated by org.testng.reporters.JUnitReportReporter -->
<testsuite skipped="0" hostname="LAPTOP-QIK84FHM" name="org.example.CheckBoxTest" tests="2" failures="0" timestamp="2023-03-10T17:08:43 EST" time="10.469" errors="0">
  <testcase name="check_and_Uncheck_CheckBox2" time="3.886" classname="org.example.CheckBoxTest"/>
  <system-out/>
  <testcase name="check_and_Uncheck_CheckBox1" time="6.583" classname="org.example.CheckBoxTest"/>
  <system-out/>
</testsuite> <!-- org.example.CheckBoxTest -->
