<?xml version="1.0" encoding="UTF-8"?>
<!-- Generated by org.testng.reporters.JUnitReportReporter -->
<testsuite skipped="0" hostname="LAPTOP-QIK84FHM" name="org.example.JavaScriptAlertsTest" tests="3" failures="0" timestamp="2023-03-10T17:08:43 EST" time="14.923" errors="0">
  <testcase name="jsConfirmTest" time="4.974" classname="org.example.JavaScriptAlertsTest"/>
  <system-out/>
  <testcase name="jsAlertTest" time="4.718" classname="org.example.JavaScriptAlertsTest"/>
  <system-out/>
  <testcase name="jsPromptTest" time="5.231" classname="org.example.JavaScriptAlertsTest"/>
  <system-out/>
</testsuite> <!-- org.example.JavaScriptAlertsTest -->
